<?xml version="1.0" encoding="UTF-8"?>
<!-- Generated by org.testng.reporters.JUnitReportReporter -->
<testsuite hostname="DESKTOP-KFN922T" failures="0" tests="9" name="com.Test.HomePageTest" time="10.849" errors="0" timestamp="2023-10-06T11:27:27 IST" skipped="8">
  <testcase classname="com.Test.HomePageTest" name="verifyPerformance" time="10.849"/>
  <system-out/>
  <testcase classname="com.Test.HomePageTest" name="verifyCarouselArrows">
    <skipped/>
  </testcase> <!-- verifyCarouselArrows -->
  <system-out/>
  <testcase classname="com.Test.HomePageTest" name="verifyElementsDisplay">
    <skipped/>
  </testcase> <!-- verifyElementsDisplay -->
  <system-out/>
  <testcase classname="com.Test.HomePageTest" name="verifySecondDropdown">
    <skipped/>
  </testcase> <!-- verifySecondDropdown -->
  <system-out/>
  <testcase classname="com.Test.HomePageTest" name="verifyHoverEffect">
    <skipped/>
  </testcase> <!-- verifyHoverEffect -->
  <system-out/>
  <testcase classname="com.Test.HomePageTest" name="verifyEmail">
    <skipped/>
  </testcase> <!-- verifyEmail -->
  <system-out/>
  <testcase classname="com.Test.HomePageTest" name="verifyFirstLinkedInconLink">
    <skipped/>
  </testcase> <!-- verifyFirstLinkedInconLink -->
  <system-out/>
  <testcase classname="com.Test.HomePageTest" name="verifySecondLinkedInconLink">
    <skipped/>
  </testcase> <!-- verifySecondLinkedInconLink -->
  <system-out/>
  <testcase classname="com.Test.HomePageTest" name="verifyFirstDropdown">
    <skipped/>
  </testcase> <!-- verifyFirstDropdown -->
  <system-out/>
</testsuite> <!-- com.Test.HomePageTest -->
